0 info it worked if it ends with ok
1 verbose cli [ 'node',
1 verbose cli   '/usr/local/bin/npm',
1 verbose cli   'install',
1 verbose cli   '../jott/jott-0.1.0.tgz',
1 verbose cli   '-g' ]
2 info using npm@1.1.45
3 info using node@v0.8.4
4 verbose config file /Users/jonsherrard/.npmrc
5 verbose config file /usr/local/etc/npmrc
6 verbose config file /usr/local/lib/node_modules/npm/npmrc
7 verbose read json /usr/local/lib/package.json
8 verbose read json /usr/local/lib/package.json
9 verbose cache add [ '../jott/jott-0.1.0.tgz', null ]
10 silly cache add name=undefined spec="../jott/jott-0.1.0.tgz" args=["../jott/jott-0.1.0.tgz",null]
11 verbose parsed url { pathname: '../jott/jott-0.1.0.tgz',
11 verbose parsed url   path: '../jott/jott-0.1.0.tgz',
11 verbose parsed url   href: '../jott/jott-0.1.0.tgz' }
12 silly lockFile f4a27443-jott-jott-0-1-0-tgz ../jott/jott-0.1.0.tgz
13 verbose lock ../jott/jott-0.1.0.tgz /Users/jonsherrard/.npm/f4a27443-jott-jott-0-1-0-tgz.lock
14 silly lockFile f4a27443-jott-jott-0-1-0-tgz ../jott/jott-0.1.0.tgz
15 error addLocal Could not install ../jott/jott-0.1.0.tgz
16 error Error: ENOENT, stat '../jott/jott-0.1.0.tgz'
17 error If you need help, you may report this log at:
17 error     <http://github.com/isaacs/npm/issues>
17 error or email it to:
17 error     <npm-@googlegroups.com>
18 error System Darwin 11.4.0
19 error command "node" "/usr/local/bin/npm" "install" "../jott/jott-0.1.0.tgz" "-g"
20 error cwd /Applications/MAMP/htdocs/jott
21 error node -v v0.8.4
22 error npm -v 1.1.45
23 error path ../jott/jott-0.1.0.tgz
24 error code ENOENT
25 error errno 34
26 verbose exit [ 34, true ]
